android/app/build/intermediates/manifest_merge_blame_file/debug/manifest-merger-blame-debug-report.txt
1<?xml version="1.0" encoding="utf-8"?>
2<manifest xmlns:android="http://schemas.android.com/apk/res/android"
3    package="com.testproject"
4    android:versionCode="1"
5    android:versionName="1.0" >
6
7    <uses-sdk
8        android:minSdkVersion="21"
9        android:targetSdkVersion="33" />
10
11    <uses-permission android:name="android.permission.SYSTEM_ALERT_WINDOW" />
11-->src/debug/AndroidManifest.xml:5:5-77
11-->src/debug/AndroidManifest.xml:5:22-75
12    <uses-permission android:name="android.permission.INTERNET" />
12-->src/main/AndroidManifest.xml:3:5-67
12-->src/main/AndroidManifest.xml:3:22-64
13    <uses-permission android:name="android.permission.ACCESS_COARSE_LOCATION" />
13-->src/main/AndroidManifest.xml:4:5-80
13-->src/main/AndroidManifest.xml:4:22-78
14    <uses-permission android:name="android.permission.ACCESS_FINE_LOCATION" />
14-->src/main/AndroidManifest.xml:5:5-78
14-->src/main/AndroidManifest.xml:5:22-76
15    <uses-permission android:name="android.permission.ACCESS_BACKGROUND_LOCATION" />
15-->src/main/AndroidManifest.xml:6:5-85
15-->src/main/AndroidManifest.xml:6:22-82
16    <uses-permission android:name="android.permission.ACCESS_WIFI_STATE" />
16-->[com.facebook.flipper:flipper:0.182.0] AndroidManifest.xml:16:5-76
16-->[com.facebook.flipper:flipper:0.182.0] AndroidManifest.xml:16:22-73
17
18    <uses-feature
18-->[com.mapbox.maps:android-core:10.12.2] AndroidManifest.xml:10:5-12:35
19        android:glEsVersion="0x00020000"
19-->[com.mapbox.maps:android-core:10.12.2] AndroidManifest.xml:11:9-41
20        android:required="true" />
20-->[com.mapbox.maps:android-core:10.12.2] AndroidManifest.xml:12:9-32
21    <uses-feature
21-->[com.mapbox.maps:android-core:10.12.2] AndroidManifest.xml:13:5-15:36
22        android:name="android.hardware.wifi"
22-->[com.mapbox.maps:android-core:10.12.2] AndroidManifest.xml:14:9-45
23        android:required="false" />
23-->[com.mapbox.maps:android-core:10.12.2] AndroidManifest.xml:15:9-33
24
25    <uses-permission android:name="android.permission.ACCESS_NETWORK_STATE" />
25-->[com.mapbox.maps:android-core:10.12.2] AndroidManifest.xml:18:5-79
25-->[com.mapbox.maps:android-core:10.12.2] AndroidManifest.xml:18:22-76
26
27    <application
27-->src/main/AndroidManifest.xml:8:5-27:19
28        android:name="com.testproject.MainApplication"
28-->src/main/AndroidManifest.xml:9:7-38
29        android:allowBackup="false"
29-->src/main/AndroidManifest.xml:13:7-34
30        android:appComponentFactory="androidx.core.app.CoreComponentFactory"
30-->[androidx.core:core:1.7.0] AndroidManifest.xml:24:18-86
31        android:debuggable="true"
32        android:icon="@mipmap/ic_launcher"
32-->src/main/AndroidManifest.xml:11:7-41
33        android:label="@string/app_name"
33-->src/main/AndroidManifest.xml:10:7-39
34        android:roundIcon="@mipmap/ic_launcher_round"
34-->src/main/AndroidManifest.xml:12:7-52
35        android:theme="@style/AppTheme"
35-->src/main/AndroidManifest.xml:14:7-38
36        android:usesCleartextTraffic="true" >
36-->src/debug/AndroidManifest.xml:8:9-44
37        <activity
37-->src/debug/AndroidManifest.xml:11:9-111
38            android:name="com.facebook.react.devsupport.DevSettingsActivity"
38-->src/debug/AndroidManifest.xml:11:19-83
39            android:exported="false" />
39-->src/debug/AndroidManifest.xml:11:84-108
40        <activity
40-->src/main/AndroidManifest.xml:15:7-26:18
41            android:name="com.testproject.MainActivity"
41-->src/main/AndroidManifest.xml:16:9-37
42            android:configChanges="keyboard|keyboardHidden|orientation|screenLayout|screenSize|smallestScreenSize|uiMode"
42-->src/main/AndroidManifest.xml:18:9-118
43            android:exported="true"
43-->src/main/AndroidManifest.xml:21:9-32
44            android:label="@string/app_name"
44-->src/main/AndroidManifest.xml:17:9-41
45            android:launchMode="singleTask"
45-->src/main/AndroidManifest.xml:19:9-40
46            android:windowSoftInputMode="adjustResize" >
46-->src/main/AndroidManifest.xml:20:9-51
47            <intent-filter>
47-->src/main/AndroidManifest.xml:22:9-25:25
48                <action android:name="android.intent.action.MAIN" />
48-->src/main/AndroidManifest.xml:23:13-65
48-->src/main/AndroidManifest.xml:23:21-62
49
50                <category android:name="android.intent.category.LAUNCHER" />
50-->src/main/AndroidManifest.xml:24:13-73
50-->src/main/AndroidManifest.xml:24:23-70
51            </intent-filter>
52        </activity>
53        <activity
53-->[com.karumi:dexter:6.2.1] AndroidManifest.xml:27:9-29:72
54            android:name="com.karumi.dexter.DexterActivity"
54-->[com.karumi:dexter:6.2.1] AndroidManifest.xml:28:13-60
55            android:theme="@style/Dexter.Internal.Theme.Transparent" />
55-->[com.karumi:dexter:6.2.1] AndroidManifest.xml:29:13-69
56
57        <provider
57-->[com.mapbox.maps:android-core:10.12.2] AndroidManifest.xml:22:9-30:20
58            android:name="androidx.startup.InitializationProvider"
58-->[com.mapbox.maps:android-core:10.12.2] AndroidManifest.xml:23:13-67
59            android:authorities="com.testproject.androidx-startup"
59-->[com.mapbox.maps:android-core:10.12.2] AndroidManifest.xml:24:13-68
60            android:exported="false" >
60-->[com.mapbox.maps:android-core:10.12.2] AndroidManifest.xml:25:13-37
61            <meta-data
61-->[com.mapbox.maps:android-core:10.12.2] AndroidManifest.xml:27:13-29:52
62                android:name="com.mapbox.maps.loader.MapboxMapsInitializer"
62-->[com.mapbox.maps:android-core:10.12.2] AndroidManifest.xml:28:17-76
63                android:value="androidx.startup" />
63-->[com.mapbox.maps:android-core:10.12.2] AndroidManifest.xml:29:17-49
64            <!-- This entry makes MapboxSDKCommonInitializer discoverable. -->
65            <meta-data
65-->[com.mapbox.common:common:23.4.0] AndroidManifest.xml:21:13-23:52
66                android:name="com.mapbox.common.MapboxSDKCommonInitializer"
66-->[com.mapbox.common:common:23.4.0] AndroidManifest.xml:22:17-76
67                android:value="androidx.startup" />
67-->[com.mapbox.common:common:23.4.0] AndroidManifest.xml:23:17-49
68            <meta-data
68-->[androidx.emoji2:emoji2:1.0.0] AndroidManifest.xml:31:13-33:52
69                android:name="androidx.emoji2.text.EmojiCompatInitializer"
69-->[androidx.emoji2:emoji2:1.0.0] AndroidManifest.xml:32:17-75
70                android:value="androidx.startup" />
70-->[androidx.emoji2:emoji2:1.0.0] AndroidManifest.xml:33:17-49
71            <meta-data
71-->[androidx.lifecycle:lifecycle-process:2.4.0] AndroidManifest.xml:31:13-33:52
72                android:name="androidx.lifecycle.ProcessLifecycleInitializer"
72-->[androidx.lifecycle:lifecycle-process:2.4.0] AndroidManifest.xml:32:17-78
73                android:value="androidx.startup" />
73-->[androidx.lifecycle:lifecycle-process:2.4.0] AndroidManifest.xml:33:17-49
74        </provider>
75
76        <receiver
76-->[com.mapbox.common:common:23.4.0] AndroidManifest.xml:26:9-33:20
77            android:name="com.mapbox.common.location.LocationUpdatesReceiver"
77-->[com.mapbox.common:common:23.4.0] AndroidManifest.xml:27:13-78
78            android:enabled="true"
78-->[com.mapbox.common:common:23.4.0] AndroidManifest.xml:28:13-35
79            android:exported="false" >
79-->[com.mapbox.common:common:23.4.0] AndroidManifest.xml:29:13-37
80            <intent-filter>
80-->[com.mapbox.common:common:23.4.0] AndroidManifest.xml:30:13-32:29
81                <action android:name="com.mapbox.common.location.LocationUpdatesReceiver.ACTION_PROCESS_LOCATION_UPDATES" />
81-->[com.mapbox.common:common:23.4.0] AndroidManifest.xml:31:17-125
81-->[com.mapbox.common:common:23.4.0] AndroidManifest.xml:31:25-122
82            </intent-filter>
83        </receiver>
84
85        <service
85-->[com.mapbox.common:common:23.4.0] AndroidManifest.xml:35:9-37:40
86            android:name="com.mapbox.common.LifecycleService"
86-->[com.mapbox.common:common:23.4.0] AndroidManifest.xml:36:13-62
87            android:exported="false" />
87-->[com.mapbox.common:common:23.4.0] AndroidManifest.xml:37:13-37
88
89        <meta-data
89-->[com.facebook.soloader:soloader:0.10.5] AndroidManifest.xml:12:9-14:37
90            android:name="com.facebook.soloader.enabled"
90-->[com.facebook.soloader:soloader:0.10.5] AndroidManifest.xml:13:13-57
91            android:value="false" />
91-->[com.facebook.soloader:soloader:0.10.5] AndroidManifest.xml:14:13-34
92
93        <activity
93-->[com.google.android.gms:play-services-base:18.1.0] AndroidManifest.xml:20:9-22:45
94            android:name="com.google.android.gms.common.api.GoogleApiActivity"
94-->[com.google.android.gms:play-services-base:18.1.0] AndroidManifest.xml:20:19-85
95            android:exported="false"
95-->[com.google.android.gms:play-services-base:18.1.0] AndroidManifest.xml:22:19-43
96            android:theme="@android:style/Theme.Translucent.NoTitleBar" />
96-->[com.google.android.gms:play-services-base:18.1.0] AndroidManifest.xml:21:19-78
97
98        <meta-data
98-->[com.google.android.gms:play-services-basement:18.1.0] AndroidManifest.xml:21:9-23:69
99            android:name="com.google.android.gms.version"
99-->[com.google.android.gms:play-services-basement:18.1.0] AndroidManifest.xml:22:13-58
100            android:value="@integer/google_play_services_version" />
100-->[com.google.android.gms:play-services-basement:18.1.0] AndroidManifest.xml:23:13-66
101    </application>
102
103</manifest>